

Started GET "/" for 127.0.0.1 at 2011-09-18 11:48:10 -0500

ActionController::RoutingError (No route matches [GET] "/"):
  

Rendered /Users/coryschires/.rvm/gems/ruby-1.9.2-head@rostra/gems/actionpack-3.1.0/lib/action_dispatch/middleware/templates/rescues/routing_error.erb within rescues/layout (12.3ms)


Started GET "/" for 127.0.0.1 at 2011-09-18 11:48:11 -0500

ActionController::RoutingError (No route matches [GET] "/"):
  

Rendered /Users/coryschires/.rvm/gems/ruby-1.9.2-head@rostra/gems/actionpack-3.1.0/lib/action_dispatch/middleware/templates/rescues/routing_error.erb within rescues/layout (0.8ms)


Started GET "/r" for 127.0.0.1 at 2011-09-18 11:48:17 -0500

ActionController::RoutingError (No route matches [GET] "/r"):
  

Rendered /Users/coryschires/.rvm/gems/ruby-1.9.2-head@rostra/gems/actionpack-3.1.0/lib/action_dispatch/middleware/templates/rescues/routing_error.erb within rescues/layout (1.0ms)


Started GET "/rostra" for 127.0.0.1 at 2011-09-18 11:48:17 -0500

ActionController::RoutingError (No route matches [GET] "/rostra"):
  

Rendered /Users/coryschires/.rvm/gems/ruby-1.9.2-head@rostra/gems/actionpack-3.1.0/lib/action_dispatch/middleware/templates/rescues/routing_error.erb within rescues/layout (0.6ms)


Started GET "/" for 127.0.0.1 at 2011-09-18 12:03:15 -0500

ActionController::RoutingError (No route matches [GET] "/"):
  

Rendered /Users/coryschires/.rvm/gems/ruby-1.9.2-head@rostra/gems/actionpack-3.1.0/lib/action_dispatch/middleware/templates/rescues/routing_error.erb within rescues/layout (0.7ms)


Started GET "/r" for 127.0.0.1 at 2011-09-18 12:03:19 -0500

ActionController::RoutingError (No route matches [GET] "/r"):
  

Rendered /Users/coryschires/.rvm/gems/ruby-1.9.2-head@rostra/gems/actionpack-3.1.0/lib/action_dispatch/middleware/templates/rescues/routing_error.erb within rescues/layout (0.6ms)


Started GET "/rostra" for 127.0.0.1 at 2011-09-18 12:03:20 -0500
  Processing by Rostra::QuestionsController#index as HTML
Completed 500 Internal Server Error in 1ms

ActiveRecord::StatementInvalid (Could not find table 'rostra_questions'):
  

Rendered /Users/coryschires/.rvm/gems/ruby-1.9.2-head@rostra/gems/actionpack-3.1.0/lib/action_dispatch/middleware/templates/rescues/_trace.erb (1.3ms)
Rendered /Users/coryschires/.rvm/gems/ruby-1.9.2-head@rostra/gems/actionpack-3.1.0/lib/action_dispatch/middleware/templates/rescues/_request_and_response.erb (1.0ms)
Rendered /Users/coryschires/.rvm/gems/ruby-1.9.2-head@rostra/gems/actionpack-3.1.0/lib/action_dispatch/middleware/templates/rescues/diagnostics.erb within rescues/layout (4.6ms)
  [1m[36m (0.1ms)[0m  [1mselect sqlite_version(*)[0m
  [1m[35m (1.2ms)[0m  CREATE TABLE "schema_migrations" ("version" varchar(255) NOT NULL) 
  [1m[36m (0.0ms)[0m  [1mPRAGMA index_list("schema_migrations")[0m
  [1m[35m (0.7ms)[0m  CREATE UNIQUE INDEX "unique_schema_migrations" ON "schema_migrations" ("version")
  [1m[36m (0.1ms)[0m  [1mSELECT "schema_migrations"."version" FROM "schema_migrations" [0m
Migrating to CreateRostraQuestions (20110918170142)
  [1m[35m (0.5ms)[0m  CREATE TABLE "rostra_questions" ("id" INTEGER PRIMARY KEY AUTOINCREMENT NOT NULL, "title" varchar(255), "details" text, "created_at" datetime, "updated_at" datetime) 
  [1m[36m (0.1ms)[0m  [1mINSERT INTO "schema_migrations" ("version") VALUES ('20110918170142')[0m
  [1m[35m (0.2ms)[0m  select sqlite_version(*)
  [1m[36m (0.1ms)[0m  [1mSELECT "schema_migrations"."version" FROM "schema_migrations" [0m
  [1m[35m (0.0ms)[0m  PRAGMA index_list("rostra_questions")


Started GET "/rostra" for 127.0.0.1 at 2011-09-18 12:03:35 -0500
  Processing by Rostra::QuestionsController#index as HTML
  [1m[36mRostra::Question Load (0.2ms)[0m  [1mSELECT "rostra_questions".* FROM "rostra_questions" [0m
Rendered /Users/coryschires/Desktop/work/applications/rostra/app/views/rostra/questions/index.html.erb within layouts/rostra/application (1.3ms)
Compiled rostra/application.css  (1ms)  (pid 77089)
Compiled rostra/questions.css  (0ms)  (pid 77089)
Completed 500 Internal Server Error in 90ms

ActionView::Template::Error (couldn't find file 'jquery'
  (in /Users/coryschires/Desktop/work/applications/rostra/app/assets/javascripts/rostra/application.js:7)):
    3: <head>
    4:   <title>Rostra</title>
    5:   <%= stylesheet_link_tag    "rostra/application" %>
    6:   <%= javascript_include_tag "rostra/application" %>
    7:   <%= csrf_meta_tags %>
    8: </head>
    9: <body>
  

Rendered /Users/coryschires/.rvm/gems/ruby-1.9.2-head@rostra/gems/actionpack-3.1.0/lib/action_dispatch/middleware/templates/rescues/_trace.erb (1.4ms)
Rendered /Users/coryschires/.rvm/gems/ruby-1.9.2-head@rostra/gems/actionpack-3.1.0/lib/action_dispatch/middleware/templates/rescues/_request_and_response.erb (0.9ms)
Rendered /Users/coryschires/.rvm/gems/ruby-1.9.2-head@rostra/gems/actionpack-3.1.0/lib/action_dispatch/middleware/templates/rescues/template_error.erb within rescues/layout (4.5ms)


Started GET "/rostra" for 127.0.0.1 at 2011-09-18 12:29:31 -0500
  Processing by Rostra::QuestionsController#index as HTML
  [1m[35mRostra::Question Load (0.4ms)[0m  SELECT "rostra_questions".* FROM "rostra_questions" 
Rendered /Users/coryschires/Desktop/work/applications/rostra/app/views/rostra/questions/index.html.erb within layouts/rostra/application (0.7ms)
Compiled rostra/application.js  (0ms)  (pid 77089)
Completed 200 OK in 15ms (Views: 13.9ms | ActiveRecord: 0.6ms)


Started GET "/assets/rostra/questions.css?body=1" for 127.0.0.1 at 2011-09-18 12:29:31 -0500
Served asset /rostra/questions.css - 200 OK (10ms)


Started GET "/assets/rostra/application.css?body=1" for 127.0.0.1 at 2011-09-18 12:29:31 -0500
Served asset /rostra/application.css - 200 OK (3ms)


Started GET "/assets/rostra/application.js?body=1" for 127.0.0.1 at 2011-09-18 12:29:31 -0500
Served asset /rostra/application.js - 200 OK (4ms)


Started GET "/rostra/questions/new" for 127.0.0.1 at 2011-09-18 12:29:56 -0500
  Processing by Rostra::QuestionsController#new as HTML
Rendered /Users/coryschires/Desktop/work/applications/rostra/app/views/rostra/questions/_form.html.erb (8.6ms)
Rendered /Users/coryschires/Desktop/work/applications/rostra/app/views/rostra/questions/new.html.erb within layouts/rostra/application (20.2ms)
Completed 200 OK in 27ms (Views: 25.8ms | ActiveRecord: 0.2ms)


Started GET "/assets/rostra/application.js?body=1" for 127.0.0.1 at 2011-09-18 12:29:56 -0500
Served asset /rostra/application.js - 304 Not Modified (0ms)


Started POST "/rostra/questions" for 127.0.0.1 at 2011-09-18 12:30:07 -0500
  Processing by Rostra::QuestionsController#create as HTML
  Parameters: {"utf8"=>"✓", "authenticity_token"=>"L8D/ZBQXlohneI/3PESSwAbM9DaGcuuGg+loOnzfsAA=", "question"=>{"title"=>"This is the title", "details"=>"And here are some detalis"}, "commit"=>"Create Question"}
  [1m[36mSQL (17.1ms)[0m  [1mINSERT INTO "rostra_questions" ("created_at", "details", "title", "updated_at") VALUES (?, ?, ?, ?)[0m  [["created_at", Sun, 18 Sep 2011 17:30:07 UTC +00:00], ["details", "And here are some detalis"], ["title", "This is the title"], ["updated_at", Sun, 18 Sep 2011 17:30:07 UTC +00:00]]
Redirected to http://localhost:3000/rostra/questions/1
Completed 302 Found in 26ms


Started GET "/rostra/questions/1" for 127.0.0.1 at 2011-09-18 12:30:07 -0500
  Processing by Rostra::QuestionsController#show as HTML
  Parameters: {"id"=>"1"}
  [1m[35mRostra::Question Load (0.2ms)[0m  SELECT "rostra_questions".* FROM "rostra_questions" WHERE "rostra_questions"."id" = ? LIMIT 1  [["id", "1"]]
Rendered /Users/coryschires/Desktop/work/applications/rostra/app/views/rostra/questions/show.html.erb within layouts/rostra/application (6.0ms)
Completed 200 OK in 14ms (Views: 11.8ms | ActiveRecord: 0.5ms)


Started GET "/assets/rostra/application.js?body=1" for 127.0.0.1 at 2011-09-18 12:30:07 -0500
Served asset /rostra/application.js - 304 Not Modified (0ms)


Started GET "/rostra/" for 127.0.0.1 at 2011-09-18 12:30:14 -0500
  Processing by Rostra::QuestionsController#index as HTML
  [1m[36mRostra::Question Load (0.1ms)[0m  [1mSELECT "rostra_questions".* FROM "rostra_questions" [0m
Rendered /Users/coryschires/Desktop/work/applications/rostra/app/views/rostra/questions/index.html.erb within layouts/rostra/application (6.6ms)
Completed 200 OK in 14ms (Views: 12.5ms | ActiveRecord: 0.5ms)


Started GET "/assets/rostra/application.css?body=1" for 127.0.0.1 at 2011-09-18 12:30:14 -0500
Served asset /rostra/application.css - 304 Not Modified (0ms)


Started GET "/assets/rostra/questions.css?body=1" for 127.0.0.1 at 2011-09-18 12:30:14 -0500
Served asset /rostra/questions.css - 304 Not Modified (0ms)


Started GET "/assets/rostra/application.js?body=1" for 127.0.0.1 at 2011-09-18 12:30:14 -0500
Served asset /rostra/application.js - 304 Not Modified (0ms)


Started GET "/rostra/q" for 127.0.0.1 at 2011-09-18 12:31:09 -0500

ActionController::RoutingError (No route matches [GET] "/rostra/q"):
  

Rendered /Users/coryschires/.rvm/gems/ruby-1.9.2-head@rostra/gems/actionpack-3.1.0/lib/action_dispatch/middleware/templates/rescues/routing_error.erb within rescues/layout (0.6ms)


Started GET "/rostra/questoins" for 127.0.0.1 at 2011-09-18 12:31:10 -0500

ActionController::RoutingError (No route matches [GET] "/rostra/questoins"):
  

Rendered /Users/coryschires/.rvm/gems/ruby-1.9.2-head@rostra/gems/actionpack-3.1.0/lib/action_dispatch/middleware/templates/rescues/routing_error.erb within rescues/layout (0.7ms)


Started GET "/rostra/ques" for 127.0.0.1 at 2011-09-18 12:31:11 -0500

ActionController::RoutingError (No route matches [GET] "/rostra/ques"):
  

Rendered /Users/coryschires/.rvm/gems/ruby-1.9.2-head@rostra/gems/actionpack-3.1.0/lib/action_dispatch/middleware/templates/rescues/routing_error.erb within rescues/layout (0.6ms)


Started GET "/rostra/questions" for 127.0.0.1 at 2011-09-18 12:31:12 -0500
  Processing by Rostra::QuestionsController#index as HTML
  [1m[35mRostra::Question Load (0.1ms)[0m  SELECT "rostra_questions".* FROM "rostra_questions" 
Rendered /Users/coryschires/Desktop/work/applications/rostra/app/views/rostra/questions/index.html.erb within layouts/rostra/application (6.3ms)
Completed 200 OK in 13ms (Views: 12.0ms | ActiveRecord: 0.4ms)


Started GET "/assets/rostra/application.js?body=1" for 127.0.0.1 at 2011-09-18 12:31:12 -0500
Served asset /rostra/application.js - 304 Not Modified (0ms)


Started GET "/assets/rostra/questions.css?body=1" for 127.0.0.1 at 2011-09-18 12:31:12 -0500
Served asset /rostra/questions.css - 304 Not Modified (0ms)


Started GET "/assets/rostra/application.css?body=1" for 127.0.0.1 at 2011-09-18 12:31:12 -0500
Served asset /rostra/application.css - 304 Not Modified (0ms)


Started GET "/questions" for 127.0.0.1 at 2011-09-18 12:31:17 -0500

ActionController::RoutingError (No route matches [GET] "/questions"):
  

Rendered /Users/coryschires/.rvm/gems/ruby-1.9.2-head@rostra/gems/actionpack-3.1.0/lib/action_dispatch/middleware/templates/rescues/routing_error.erb within rescues/layout (0.7ms)
  [1m[36m (0.1ms)[0m  [1mSELECT "schema_migrations"."version" FROM "schema_migrations" [0m
  [1m[35m (0.2ms)[0m  select sqlite_version(*)
  [1m[36m (2.2ms)[0m  [1mCREATE TABLE "rostra_questions" ("id" INTEGER PRIMARY KEY AUTOINCREMENT NOT NULL, "title" varchar(255), "details" text, "created_at" datetime, "updated_at" datetime) [0m
  [1m[35m (1.1ms)[0m  CREATE TABLE "schema_migrations" ("version" varchar(255) NOT NULL) 
  [1m[36m (0.0ms)[0m  [1mPRAGMA index_list("schema_migrations")[0m
  [1m[35m (1.1ms)[0m  CREATE UNIQUE INDEX "unique_schema_migrations" ON "schema_migrations" ("version")
  [1m[36m (0.1ms)[0m  [1mSELECT version FROM "schema_migrations"[0m
  [1m[35m (1.1ms)[0m  INSERT INTO "schema_migrations" (version) VALUES ('20110918170142')


Started GET "/rquestions" for 127.0.0.1 at 2011-09-18 12:48:58 -0500

ActionController::RoutingError (No route matches [GET] "/rquestions"):
  

Rendered /Users/coryschires/.rvm/gems/ruby-1.9.2-head@rostra/gems/actionpack-3.1.0/lib/action_dispatch/middleware/templates/rescues/routing_error.erb within rescues/layout (0.8ms)


Started GET "/rostraquestions" for 127.0.0.1 at 2011-09-18 12:48:59 -0500
  Processing by Rostra::QuestionsController#index as HTML
  [1m[36mRostra::Question Load (0.1ms)[0m  [1mSELECT "rostra_questions".* FROM "rostra_questions" [0m
Rendered /Users/coryschires/Desktop/work/applications/rostra/app/views/rostra/questions/index.html.erb within layouts/rostra/application (6.6ms)
Completed 200 OK in 14ms (Views: 12.5ms | ActiveRecord: 0.4ms)


Started GET "/assets/rostra/questions.css?body=1" for 127.0.0.1 at 2011-09-18 12:48:59 -0500
Served asset /rostra/questions.css - 304 Not Modified (0ms)


Started GET "/assets/rostra/application.css?body=1" for 127.0.0.1 at 2011-09-18 12:48:59 -0500
Served asset /rostra/application.css - 304 Not Modified (0ms)


Started GET "/assets/rostra/application.js?body=1" for 127.0.0.1 at 2011-09-18 12:48:59 -0500
Served asset /rostra/application.js - 304 Not Modified (0ms)


Started GET "/rostra/questions" for 127.0.0.1 at 2011-09-18 12:49:00 -0500
  Processing by Rostra::QuestionsController#index as HTML
  [1m[35mRostra::Question Load (0.1ms)[0m  SELECT "rostra_questions".* FROM "rostra_questions" 
Rendered /Users/coryschires/Desktop/work/applications/rostra/app/views/rostra/questions/index.html.erb within layouts/rostra/application (8.2ms)
Completed 200 OK in 25ms (Views: 23.5ms | ActiveRecord: 0.4ms)


Started GET "/assets/rostra/application.js?body=1" for 127.0.0.1 at 2011-09-18 12:49:00 -0500
Served asset /rostra/application.js - 304 Not Modified (0ms)


Started GET "/assets/rostra/application.css?body=1" for 127.0.0.1 at 2011-09-18 12:49:00 -0500
Served asset /rostra/application.css - 304 Not Modified (0ms)


Started GET "/assets/rostra/questions.css?body=1" for 127.0.0.1 at 2011-09-18 12:49:00 -0500
Served asset /rostra/questions.css - 304 Not Modified (0ms)


Started GET "/rostra/questions" for 127.0.0.1 at 2011-09-18 12:49:20 -0500
  Processing by Rostra::QuestionsController#index as HTML
  [1m[36mRostra::Question Load (0.1ms)[0m  [1mSELECT "rostra_questions".* FROM "rostra_questions" [0m
Rendered /Users/coryschires/Desktop/work/applications/rostra/app/views/rostra/questions/index.html.erb within layouts/rostra/application (7.0ms)
Completed 200 OK in 14ms (Views: 12.8ms | ActiveRecord: 0.4ms)


Started GET "/assets/rostra/questions.css?body=1" for 127.0.0.1 at 2011-09-18 12:49:20 -0500
Served asset /rostra/questions.css - 304 Not Modified (0ms)


Started GET "/assets/rostra/application.css?body=1" for 127.0.0.1 at 2011-09-18 12:49:20 -0500
Served asset /rostra/application.css - 304 Not Modified (0ms)


Started GET "/assets/rostra/application.js?body=1" for 127.0.0.1 at 2011-09-18 12:49:20 -0500
Served asset /rostra/application.js - 304 Not Modified (0ms)


Started GET "/rostra/questions/new" for 127.0.0.1 at 2011-09-18 12:49:41 -0500
  Processing by Rostra::QuestionsController#new as HTML
Rendered /Users/coryschires/Desktop/work/applications/rostra/app/views/rostra/questions/_form.html.erb (36.5ms)
Rendered /Users/coryschires/Desktop/work/applications/rostra/app/views/rostra/questions/new.html.erb within layouts/rostra/application (37.8ms)
Completed 200 OK in 44ms (Views: 43.2ms | ActiveRecord: 0.2ms)


Started GET "/assets/rostra/application.css?body=1" for 127.0.0.1 at 2011-09-18 12:49:42 -0500
Served asset /rostra/application.css - 304 Not Modified (0ms)


Started GET "/assets/rostra/application.js?body=1" for 127.0.0.1 at 2011-09-18 12:49:42 -0500
Served asset /rostra/application.js - 304 Not Modified (0ms)


Started GET "/assets/rostra/questions.css?body=1" for 127.0.0.1 at 2011-09-18 12:49:42 -0500
Served asset /rostra/questions.css - 304 Not Modified (0ms)
